<?xml version="1.0" encoding="UTF-8"?>
<!-- Generated by org.testng.reporters.JUnitXMLReporter -->
<testsuite ignored="0" hostname="Manasamayu" failures="0" tests="7" name="Default test" time="71.937" errors="0" timestamp="2024-01-19T13:24:41 IST">
  <testcase classname="com.automation.tests.LogInTest" name="loginTest" time="6.308"/>
  <testcase classname="com.automation.tests.LogInTest" name="loginTest" time="6.274"/>
  <testcase classname="com.automation.tests.LogInTest" name="loginTest" time="6.319"/>
  <testcase classname="com.automation.tests.LogInTest" name="loginTest" time="6.306"/>
  <testcase classname="com.automation.tests.LogInTest" name="loginTest" time="6.274"/>
  <testcase classname="com.automation.tests.LogInTest" name="loginTest" time="6.277"/>
  <testcase classname="com.automation.tests.LogInTest" name="loginTest" time="6.306"/>
</testsuite> <!-- Default test -->
